manifest-merger-release-report.txt
-- Merging decision tree log ---
manifest
ADDED from AndroidManifest.xml:2:1
	package
		ADDED from AndroidManifest.xml:4:5
	android:versionName
		ADDED from AndroidManifest.xml:6:5
	android:versionCode
		ADDED from AndroidManifest.xml:5:5
		INJECTED from AndroidManifest.xml:0:0
		INJECTED from AndroidManifest.xml:0:0
	xmlns:android
		ADDED from AndroidManifest.xml:3:5
uses-sdk
ADDED from AndroidManifest.xml:8:5
MERGED from com.mikepenz.aboutlibraries:library:4.4.0:7:5
MERGED from com.android.support:cardview-v7:21.0.3:15:5
MERGED from com.android.support:recyclerview-v7:21.0.3:15:5
MERGED from com.android.support:support-v4:21.0.3:15:5
MERGED from com.android.support:support-v4:21.0.3:15:5
MERGED from com.android.support:appcompat-v7:21.0.3:15:5
MERGED from com.android.support:support-v4:21.0.3:15:5
MERGED from com.larswerkman:HoloColorPicker:1.4:3:5
MERGED from de.keyboardsurfer.android.widget:crouton:1.8.5:22:5
MERGED from com.github.gabrielemariotti.changeloglib:library:1.5.2:7:5
MERGED from com.google.android.gms:play-services:6.5.87:18:5
MERGED from com.android.support:support-v4:21.0.3:15:5
MERGED from com.android.support:support-v4:21.0.3:15:5
MERGED from com.android.support:appcompat-v7:21.0.3:15:5
MERGED from com.android.support:support-v4:21.0.3:15:5
MERGED from com.android.support:recyclerview-v7:21.0.3:15:5
MERGED from com.android.support:support-v4:21.0.3:15:5
MERGED from com.android.support:cardview-v7:21.0.3:15:5
	android:targetSdkVersion
		ADDED from AndroidManifest.xml:10:9
	android:minSdkVersion
		ADDED from AndroidManifest.xml:9:9
uses-feature#android.hardware.touchscreen
ADDED from AndroidManifest.xml:13:5
	android:required
		ADDED from AndroidManifest.xml:13:63
	android:name
		ADDED from AndroidManifest.xml:13:19
uses-feature#android.hardware.bluetooth
ADDED from AndroidManifest.xml:14:5
	android:required
		ADDED from AndroidManifest.xml:14:61
	android:name
		ADDED from AndroidManifest.xml:14:19
uses-feature#android.hardware.telephony
ADDED from AndroidManifest.xml:15:5
	android:required
		ADDED from AndroidManifest.xml:15:61
	android:name
		ADDED from AndroidManifest.xml:15:19
supports-screens
ADDED from AndroidManifest.xml:17:5
	android:largeScreens
		ADDED from AndroidManifest.xml:20:9
	android:smallScreens
		ADDED from AndroidManifest.xml:22:9
	android:normalScreens
		ADDED from AndroidManifest.xml:21:9
	android:xlargeScreens
		ADDED from AndroidManifest.xml:23:9
	android:resizeable
		ADDED from AndroidManifest.xml:19:9
	android:anyDensity
		ADDED from AndroidManifest.xml:18:9
uses-permission#android.permission.GET_TASKS
ADDED from AndroidManifest.xml:26:5
	android:name
		ADDED from AndroidManifest.xml:26:22
uses-permission#android.permission.VIBRATE
ADDED from AndroidManifest.xml:27:5
	android:required
		ADDED from AndroidManifest.xml:27:64
	android:name
		ADDED from AndroidManifest.xml:27:22
uses-permission#android.permission.SYSTEM_ALERT_WINDOW
ADDED from AndroidManifest.xml:28:5
	android:required
		ADDED from AndroidManifest.xml:28:76
	android:name
		ADDED from AndroidManifest.xml:28:22
uses-permission#android.permission.MODIFY_AUDIO_SETTINGS
ADDED from AndroidManifest.xml:29:5
	android:required
		ADDED from AndroidManifest.xml:29:78
	android:name
		ADDED from AndroidManifest.xml:29:22
uses-permission#android.permission.READ_PHONE_STATE
ADDED from AndroidManifest.xml:30:5
	android:required
		ADDED from AndroidManifest.xml:30:73
	android:name
		ADDED from AndroidManifest.xml:30:22
uses-permission#android.permission.DISABLE_KEYGUARD
ADDED from AndroidManifest.xml:31:5
	android:required
		ADDED from AndroidManifest.xml:31:73
	android:name
		ADDED from AndroidManifest.xml:31:22
application
ADDED from AndroidManifest.xml:35:5
MERGED from com.mikepenz.aboutlibraries:library:4.4.0:11:5
MERGED from com.android.support:cardview-v7:21.0.3:16:5
MERGED from com.android.support:recyclerview-v7:21.0.3:17:5
MERGED from com.android.support:support-v4:21.0.3:16:5
MERGED from com.android.support:support-v4:21.0.3:16:5
MERGED from com.android.support:appcompat-v7:21.0.3:16:5
MERGED from com.android.support:support-v4:21.0.3:16:5
MERGED from com.github.gabrielemariotti.changeloglib:library:1.5.2:11:5
MERGED from com.google.android.gms:play-services:6.5.87:20:5
MERGED from com.android.support:support-v4:21.0.3:16:5
MERGED from com.android.support:support-v4:21.0.3:16:5
MERGED from com.android.support:appcompat-v7:21.0.3:16:5
MERGED from com.android.support:support-v4:21.0.3:16:5
MERGED from com.android.support:recyclerview-v7:21.0.3:17:5
MERGED from com.android.support:support-v4:21.0.3:16:5
MERGED from com.android.support:cardview-v7:21.0.3:16:5
	android:backupAgent
		ADDED from AndroidManifest.xml:39:9
	android:label
		ADDED from AndroidManifest.xml:43:9
	android:supportsRtl
		ADDED from AndroidManifest.xml:45:9
	android:hardwareAccelerated
		ADDED from AndroidManifest.xml:41:9
	android:allowBackup
		ADDED from AndroidManifest.xml:40:9
	android:icon
		ADDED from AndroidManifest.xml:42:9
	android:largeHeap
		ADDED from AndroidManifest.xml:38:9
	android:restoreAnyVersion
		ADDED from AndroidManifest.xml:37:9
	android:description
		ADDED from AndroidManifest.xml:44:9
	android:theme
		ADDED from AndroidManifest.xml:46:9
	android:name
		ADDED from AndroidManifest.xml:36:9
activity#me.barrasso.android.volume.activities.ConfigurationActivity
ADDED from AndroidManifest.xml:49:9
	android:label
		ADDED from AndroidManifest.xml:51:13
	android:name
		ADDED from AndroidManifest.xml:50:13
intent-filter#android.intent.action.MAIN+android.intent.category.LAUNCHER+android.intent.category.PREFERENCE
ADDED from AndroidManifest.xml:52:13
action#android.intent.action.MAIN
ADDED from AndroidManifest.xml:53:17
	android:name
		ADDED from AndroidManifest.xml:53:25
category#android.intent.category.LAUNCHER
ADDED from AndroidManifest.xml:54:17
	android:name
		ADDED from AndroidManifest.xml:54:27
category#android.intent.category.PREFERENCE
ADDED from AndroidManifest.xml:55:17
	android:name
		ADDED from AndroidManifest.xml:55:27
activity#me.barrasso.android.volume.activities.MediaShortcutActivity
ADDED from AndroidManifest.xml:60:9
	android:label
		ADDED from AndroidManifest.xml:61:13
	android:excludeFromRecents
		ADDED from AndroidManifest.xml:65:13
	android:hardwareAccelerated
		ADDED from AndroidManifest.xml:64:13
	android:exported
		ADDED from AndroidManifest.xml:63:13
	android:noHistory
		ADDED from AndroidManifest.xml:62:13
	android:name
		ADDED from AndroidManifest.xml:60:19
intent-filter#android.intent.action.CREATE_SHORTCUT+android.intent.category.DEFAULT
ADDED from AndroidManifest.xml:66:13
action#android.intent.action.CREATE_SHORTCUT
ADDED from AndroidManifest.xml:67:17
	android:name
		ADDED from AndroidManifest.xml:67:25
category#android.intent.category.DEFAULT
ADDED from AndroidManifest.xml:68:17
	android:name
		ADDED from AndroidManifest.xml:68:27
activity#me.barrasso.android.volume.activities.MediaControlActivity
ADDED from AndroidManifest.xml:73:9
	android:label
		ADDED from AndroidManifest.xml:77:13
	android:stateNotNeeded
		ADDED from AndroidManifest.xml:78:13
	android:excludeFromRecents
		ADDED from AndroidManifest.xml:81:13
	android:hardwareAccelerated
		ADDED from AndroidManifest.xml:75:13
	android:launchMode
		ADDED from AndroidManifest.xml:76:13
	android:exported
		ADDED from AndroidManifest.xml:80:13
	android:noHistory
		ADDED from AndroidManifest.xml:79:13
	android:theme
		ADDED from AndroidManifest.xml:74:13
	android:name
		ADDED from AndroidManifest.xml:73:19
activity#me.barrasso.android.volume.activities.PanelShortcutActivity
ADDED from AndroidManifest.xml:84:9
	android:label
		ADDED from AndroidManifest.xml:87:13
	android:excludeFromRecents
		ADDED from AndroidManifest.xml:90:13
	android:hardwareAccelerated
		ADDED from AndroidManifest.xml:86:13
	android:exported
		ADDED from AndroidManifest.xml:89:13
	android:noHistory
		ADDED from AndroidManifest.xml:88:13
	android:theme
		ADDED from AndroidManifest.xml:85:13
	android:name
		ADDED from AndroidManifest.xml:84:19
activity#me.barrasso.android.volume.activities.NoyzeLibActivity
ADDED from AndroidManifest.xml:98:9
	android:label
		ADDED from AndroidManifest.xml:101:13
	android:exported
		ADDED from AndroidManifest.xml:99:13
	android:theme
		ADDED from AndroidManifest.xml:100:13
	android:name
		ADDED from AndroidManifest.xml:98:19
intent-filter#android.intent.action.MAIN+android.intent.category.DEFAULT
ADDED from AndroidManifest.xml:102:13
service#me.barrasso.android.volume.VolumeAccessibilityService
ADDED from AndroidManifest.xml:109:9
	android:enabled
		ADDED from AndroidManifest.xml:111:13
	android:label
		ADDED from AndroidManifest.xml:113:13
	android:exported
		ADDED from AndroidManifest.xml:112:13
	android:permission
		ADDED from AndroidManifest.xml:114:13
	android:name
		ADDED from AndroidManifest.xml:110:13
intent-filter#android.accessibilityservice.AccessibilityService
ADDED from AndroidManifest.xml:115:13
action#android.accessibilityservice.AccessibilityService
ADDED from AndroidManifest.xml:116:17
	android:name
		ADDED from AndroidManifest.xml:116:25
meta-data#android.accessibilityservice
ADDED from AndroidManifest.xml:119:13
	android:resource
		ADDED from AndroidManifest.xml:121:17
	android:name
		ADDED from AndroidManifest.xml:120:17
service#me.barrasso.android.volume.MediaControllerService
ADDED from AndroidManifest.xml:125:9
	android:enabled
		ADDED from AndroidManifest.xml:127:13
	android:label
		ADDED from AndroidManifest.xml:128:13
	android:exported
		ADDED from AndroidManifest.xml:126:13
	android:permission
		ADDED from AndroidManifest.xml:129:13
	android:name
		ADDED from AndroidManifest.xml:125:18
intent-filter#android.service.notification.NotificationListenerService+me.barrasso.android.volume.ACTION_REQUEST_INTERRUPTION_FILTER
ADDED from AndroidManifest.xml:130:13
action#android.service.notification.NotificationListenerService
ADDED from AndroidManifest.xml:131:17
	android:name
		ADDED from AndroidManifest.xml:131:25
action#me.barrasso.android.volume.ACTION_REQUEST_INTERRUPTION_FILTER
ADDED from AndroidManifest.xml:132:17
	android:name
		ADDED from AndroidManifest.xml:132:25
meta-data#com.google.android.backup.api_key
ADDED from AndroidManifest.xml:137:9
	android:value
		ADDED from AndroidManifest.xml:139:13
	android:name
		ADDED from AndroidManifest.xml:138:13
meta-data#com.google.android.gms.version
ADDED from AndroidManifest.xml:140:9
MERGED from com.google.android.gms:play-services:6.5.87:21:9
	android:value
		ADDED from AndroidManifest.xml:141:13
	android:name
		ADDED from AndroidManifest.xml:140:20
meta-data#com.samsung.android.sdk.multiwindow.enable
ADDED from AndroidManifest.xml:143:9
	android:value
		ADDED from AndroidManifest.xml:143:78
	android:name
		ADDED from AndroidManifest.xml:143:20
meta-data#com.samsung.android.sdk.multiwindow.multiinstance.enable
ADDED from AndroidManifest.xml:144:9
	android:value
		ADDED from AndroidManifest.xml:144:92
	android:name
		ADDED from AndroidManifest.xml:144:20
provider#me.barrasso.android.volume.LogAttachmentProvider
ADDED from AndroidManifest.xml:147:9
	android:authorities
		ADDED from AndroidManifest.xml:149:13
	android:exported
		ADDED from AndroidManifest.xml:150:13
	android:name
		ADDED from AndroidManifest.xml:148:13
activity#com.mikepenz.aboutlibraries.ui.LibsActivity
ADDED from com.mikepenz.aboutlibraries:library:4.4.0:12:9
	android:name
		ADDED from com.mikepenz.aboutlibraries:library:4.4.0:12:19
activity#android.support.v7.widget.TestActivity
ADDED from com.android.support:recyclerview-v7:21.0.3:18:9
MERGED from com.android.support:recyclerview-v7:21.0.3:18:9
	android:label
		ADDED from com.android.support:recyclerview-v7:21.0.3:18:19
	android:name
		ADDED from com.android.support:recyclerview-v7:21.0.3:18:60